2020-11-01 01:00:14,976 INFO app [restartedMain] Applicatin Started
2020-11-01 01:01:24,498 INFO app [restartedMain] Applicatin Started
2020-11-01 01:05:09,055 INFO app [restartedMain] Applicatin Started
2020-11-01 01:06:17,201 INFO app [restartedMain] Applicatin Started
2020-11-01 01:07:37,600 INFO app [restartedMain] Applicatin Started
2020-11-01 01:08:30,244 INFO app [restartedMain] Applicatin Started
2020-11-01 01:18:39,689 INFO app [restartedMain] Applicatin Started
2020-11-01 01:20:59,108 INFO app [restartedMain] Applicatin Started
2020-11-01 01:22:24,598 INFO app [restartedMain] Applicatin Started
2020-11-01 01:22:32,301 INFO app [restartedMain] Applicatin Started
2020-11-01 01:30:47,520 INFO app [restartedMain] Applicatin Started
2020-11-01 01:32:19,088 INFO app [restartedMain] Applicatin Started
2020-11-01 01:33:42,088 INFO app [restartedMain] Applicatin Started
2020-11-01 01:34:11,493 INFO app [restartedMain] Applicatin Started
2020-11-01 01:37:06,596 INFO app [restartedMain] Applicatin Started
2020-11-01 01:39:03,909 INFO app [restartedMain] Applicatin Started
2020-11-01 01:12:48,078 INFO app [restartedMain] Applicatin Started
2020-11-01 01:20:11,887 INFO app [restartedMain] Applicatin Started
2020-11-01 01:20:29,619 INFO app [restartedMain] Applicatin Started
2020-11-01 01:20:57,457 INFO app [restartedMain] Applicatin Started
2020-11-01 01:24:55,245 INFO app [restartedMain] Applicatin Started
2020-11-01 01:25:10,083 INFO app [restartedMain] Applicatin Started
2020-11-01 01:25:20,792 INFO app [restartedMain] Applicatin Started
2020-11-01 01:25:56,630 INFO app [restartedMain] Applicatin Started
2020-11-01 01:26:12,548 INFO app [restartedMain] Applicatin Started
2020-11-01 01:26:16,233 INFO app [restartedMain] Applicatin Started
2020-11-01 01:29:31,447 INFO app [restartedMain] Applicatin Started
2020-11-01 01:31:10,704 INFO app [restartedMain] Applicatin Started
2020-11-01 01:32:15,515 INFO app [restartedMain] Applicatin Started
2020-11-01 01:33:33,388 INFO app [restartedMain] Applicatin Started
2020-11-01 01:33:55,025 INFO app [restartedMain] Applicatin Started
2020-11-01 01:35:30,125 INFO app [restartedMain] Applicatin Started
2020-11-01 01:51:54,436 INFO app [restartedMain] Applicatin Started
2020-11-01 01:52:47,479 INFO app [restartedMain] Applicatin Started
2020-11-01 01:52:52,134 INFO app [restartedMain] Applicatin Started
2020-11-01 01:52:59,919 INFO app [restartedMain] Applicatin Started
2020-11-01 01:53:45,674 INFO app [restartedMain] Applicatin Started
2020-11-01 01:54:31,694 INFO app [restartedMain] Applicatin Started
2020-11-01 02:04:05,287 INFO app [restartedMain] Applicatin Started
2020-11-01 02:05:37,602 INFO app [restartedMain] Applicatin Started
2020-11-01 02:06:38,390 INFO app [restartedMain] Applicatin Started
2020-11-01 02:07:26,382 INFO app [restartedMain] Applicatin Started
2020-11-01 02:07:33,601 INFO app [restartedMain] Applicatin Started
2020-11-01 02:08:31,286 INFO app [http-nio-8080-exec-1] Mail getSession method start
2020-11-01 02:08:31,289 INFO app [http-nio-8080-exec-1] Mail getSession method end
2020-11-01 02:09:45,578 INFO app [restartedMain] Applicatin Started
2020-11-01 02:11:11,810 INFO app [restartedMain] Applicatin Started
2020-11-01 02:11:13,838 INFO app [http-nio-8080-exec-1] Mail getSession method start
2020-11-01 02:11:13,847 INFO app [http-nio-8080-exec-1] Mail getSession method end
2020-11-01 02:12:19,283 INFO app [restartedMain] Applicatin Started
2020-11-01 02:12:23,758 INFO app [http-nio-8080-exec-1] Mail getSession method start
2020-11-01 02:12:23,762 INFO app [http-nio-8080-exec-1] Mail getSession method end
2020-11-01 02:24:25,501 INFO app [restartedMain] Applicatin Started
2020-11-01 02:26:15,455 INFO app [restartedMain] Applicatin Started
2020-11-01 02:31:11,560 INFO app [restartedMain] Applicatin Started
2020-11-01 02:31:36,836 INFO app [restartedMain] Applicatin Started
2020-11-01 02:31:53,873 INFO app [restartedMain] Applicatin Started
2020-11-01 02:32:14,696 INFO app [restartedMain] Applicatin Started
2020-11-01 02:33:37,734 INFO app [restartedMain] Applicatin Started
2020-11-01 02:34:09,571 INFO app [restartedMain] Applicatin Started
2020-11-01 02:34:13,151 INFO app [http-nio-8080-exec-1] Mail getSession method start
2020-11-01 02:34:13,156 INFO app [http-nio-8080-exec-1] Mail getSession method end
2020-11-01 02:38:11,837 INFO app [restartedMain] Applicatin Started
2020-11-01 04:42:11,803 INFO app [restartedMain] Applicatin Started
2020-11-01 04:43:37,054 INFO app [restartedMain] Applicatin Started
2020-11-01 04:44:50,070 INFO app [restartedMain] Applicatin Started
2020-11-01 04:53:04,298 INFO app [restartedMain] Applicatin Started
2020-11-01 04:53:18,067 INFO app [http-nio-8080-exec-1] Mail getSession method start
2020-11-01 04:53:18,073 INFO app [http-nio-8080-exec-1] Mail getSession method end
2020-11-01 04:55:55,796 INFO app [restartedMain] Applicatin Started
2020-11-01 04:56:03,373 INFO app [restartedMain] Applicatin Started
2020-11-01 04:56:15,299 INFO app [restartedMain] Applicatin Started
2020-11-01 04:56:55,067 INFO app [restartedMain] Applicatin Started
2020-11-01 04:58:31,109 INFO app [restartedMain] Applicatin Started
2020-11-01 04:58:48,764 INFO app [restartedMain] Applicatin Started
2020-11-01 05:00:39,795 INFO app [restartedMain] Applicatin Started
2020-11-01 05:01:50,600 INFO app [restartedMain] Applicatin Started
2020-11-01 05:02:01,326 INFO app [restartedMain] Applicatin Started
2020-11-01 05:02:37,051 INFO app [restartedMain] Applicatin Started
2020-11-01 05:02:45,303 INFO app [http-nio-8080-exec-1] Mail getSession method start
2020-11-01 05:02:45,310 INFO app [http-nio-8080-exec-1] Mail getSession method end
2020-11-01 05:04:00,481 INFO app [restartedMain] Applicatin Started
2020-11-01 05:05:18,344 INFO app [restartedMain] Applicatin Started
2020-11-01 05:05:28,847 INFO app [http-nio-8080-exec-1] Mail getSession method start
2020-11-01 05:05:28,874 INFO app [http-nio-8080-exec-1] Mail getSession method end
2020-11-01 05:10:42,774 INFO app [restartedMain] Applicatin Started
2020-11-01 05:10:58,663 INFO app [restartedMain] Applicatin Started
2020-11-01 05:13:09,832 INFO app [restartedMain] Applicatin Started
2020-11-01 05:13:44,146 INFO app [http-nio-8080-exec-1] Mail getSession method start
2020-11-01 05:13:44,149 INFO app [http-nio-8080-exec-1] Mail getSession method end
2020-11-01 05:14:24,985 INFO app [restartedMain] Applicatin Started
2020-11-01 05:14:33,520 INFO app [http-nio-8080-exec-1] Mail getSession method start
2020-11-01 05:14:33,522 INFO app [http-nio-8080-exec-1] Mail getSession method end
2020-11-01 05:19:02,772 INFO app [restartedMain] Applicatin Started
2020-11-01 05:20:19,830 INFO app [restartedMain] Applicatin Started
2020-11-01 05:21:13,842 INFO app [restartedMain] Applicatin Started
2020-11-01 05:25:14,243 INFO app [restartedMain] Applicatin Started
2020-11-01 05:25:32,707 INFO app [restartedMain] Applicatin Started
2020-11-01 05:25:38,543 INFO app [restartedMain] Applicatin Started
2020-11-01 05:27:00,594 INFO app [restartedMain] Applicatin Started
2020-11-01 05:29:08,993 INFO app [restartedMain] Applicatin Started
2020-11-01 05:29:29,440 INFO app [restartedMain] Applicatin Started
2020-11-01 05:32:36,987 INFO app [restartedMain] Applicatin Started
2020-11-01 05:33:23,076 INFO app [restartedMain] Applicatin Started
2020-11-01 05:33:53,113 INFO app [restartedMain] Applicatin Started
2020-11-01 05:33:59,735 INFO app [restartedMain] Applicatin Started
2020-11-01 05:34:13,374 INFO app [restartedMain] Applicatin Started
2020-11-01 05:34:35,950 INFO app [restartedMain] Applicatin Started
2020-11-01 05:35:24,864 INFO app [restartedMain] Applicatin Started
2020-11-01 05:38:09,181 INFO app [restartedMain] Applicatin Started
2020-11-01 05:40:38,484 INFO app [restartedMain] Applicatin Started
2020-11-01 05:40:44,078 INFO app [restartedMain] Applicatin Started
2020-11-01 05:41:31,315 INFO app [restartedMain] Applicatin Started
2020-11-01 05:44:16,551 INFO app [restartedMain] Applicatin Started
2020-11-01 05:44:59,583 INFO app [restartedMain] Applicatin Started
2020-11-01 05:45:31,283 INFO app [restartedMain] Applicatin Started
2020-11-01 05:45:39,870 INFO app [restartedMain] Applicatin Started
2020-11-01 05:46:04,749 INFO app [restartedMain] Applicatin Started
2020-11-01 05:46:23,319 INFO app [restartedMain] Applicatin Started
2020-11-01 05:48:24,300 INFO app [restartedMain] Applicatin Started
2020-11-01 05:48:39,899 INFO app [restartedMain] Applicatin Started
2020-11-01 05:49:34,562 INFO app [restartedMain] Applicatin Started
2020-11-01 05:49:44,959 INFO app [restartedMain] Applicatin Started
2020-11-01 05:49:52,225 INFO app [http-nio-8080-exec-1] Send mail started...
2020-11-01 05:49:52,226 INFO app [http-nio-8080-exec-1] Mail getSession method start
2020-11-01 05:49:52,229 INFO app [http-nio-8080-exec-1] Mail getSession method end
2020-11-01 05:49:52,229 INFO app [http-nio-8080-exec-1] getMimeMessage start with TO deepakarya0155@gmail.com; CC daryabusiness@gmail.com;
2020-11-01 05:49:52,229 INFO app [http-nio-8080-exec-1] getMimeMessage end with TO deepakarya0155@gmail.com; CC daryabusiness@gmail.com;
2020-11-01 05:49:58,219 INFO app [http-nio-8080-exec-1] Send mail started...
2020-11-01 05:51:22,801 INFO app [restartedMain] Applicatin Started
2020-11-01 05:51:25,735 INFO app [restartedMain] Applicatin Started
2020-11-01 05:53:14,504 INFO app [restartedMain] Applicatin Started
2020-11-01 05:53:18,987 INFO app [restartedMain] Applicatin Started
2020-11-01 05:54:55,133 INFO app [restartedMain] Applicatin Started
2020-11-01 05:55:11,681 INFO app [restartedMain] Applicatin Started
2020-11-01 05:55:47,265 INFO app [restartedMain] Applicatin Started
2020-11-01 05:56:02,769 INFO app [restartedMain] Applicatin Started
2020-11-01 05:56:06,112 INFO app [restartedMain] Applicatin Started
2020-11-01 05:56:10,731 INFO app [http-nio-8080-exec-1] Send mail started...
2020-11-01 05:56:10,732 INFO app [http-nio-8080-exec-1] Mail getSession method start
2020-11-01 05:56:10,736 INFO app [http-nio-8080-exec-1] Mail getSession method end
2020-11-01 05:56:10,737 INFO app [http-nio-8080-exec-1] getMimeMessage start with TO deepakarya0155@gmail.com; CC daryabusiness@gmail.com;
2020-11-01 05:56:10,737 INFO app [http-nio-8080-exec-1] getMimeMessage end with TO deepakarya0155@gmail.com; CC daryabusiness@gmail.com;
2020-11-01 05:56:16,026 INFO app [http-nio-8080-exec-1] Send mail started...
