2020-11-14 03:11:54,744 INFO org.springframework.boot.context.embedded.AnnotationConfigEmbeddedWebApplicationContext [Thread-60] Closing org.springframework.boot.context.embedded.AnnotationConfigEmbeddedWebApplicationContext@53df91e0: startup date [Fri Nov 13 23:06:50 PST 2020]; root of context hierarchy
2020-11-14 03:11:58,760 WARN org.springframework.beans.factory.support.DisposableBeanAdapter [Thread-60] Invocation of destroy method failed on bean with name 'classPathFileSystemWatcher': java.lang.NullPointerException
2020-11-14 03:11:58,799 INFO org.springframework.jmx.export.annotation.AnnotationMBeanExporter [Thread-60] Unregistering JMX-exposed beans on shutdown
2020-11-14 03:11:58,926 INFO org.springframework.orm.jpa.LocalContainerEntityManagerFactoryBean [Thread-60] Closing JPA EntityManagerFactory for persistence unit 'default'
2020-11-14 03:12:10,685 INFO com.common.CommonApplication [restartedMain] Starting CommonApplication on DESKTOP-DP2EEPT with PID 4684 (E:\Learning\code_snipt\common\target\classes started by gourav in E:\Learning\code_snipt\common)
2020-11-14 03:12:10,686 INFO com.common.CommonApplication [restartedMain] No active profile set, falling back to default profiles: default
2020-11-14 03:12:10,696 INFO org.springframework.boot.context.embedded.AnnotationConfigEmbeddedWebApplicationContext [restartedMain] Refreshing org.springframework.boot.context.embedded.AnnotationConfigEmbeddedWebApplicationContext@6be9ade7: startup date [Sat Nov 14 03:12:10 PST 2020]; root of context hierarchy
2020-11-14 03:12:13,925 INFO org.springframework.boot.context.embedded.tomcat.TomcatEmbeddedServletContainer [restartedMain] Tomcat initialized with port(s): 8080 (http)
2020-11-14 03:12:13,926 INFO org.apache.catalina.core.StandardService [restartedMain] Starting service [Tomcat]
2020-11-14 03:12:13,927 INFO org.apache.catalina.core.StandardEngine [restartedMain] Starting Servlet Engine: Apache Tomcat/8.5.23
2020-11-14 03:12:14,114 INFO org.apache.catalina.core.ContainerBase.[Tomcat].[localhost].[/] [localhost-startStop-1] Initializing Spring embedded WebApplicationContext
2020-11-14 03:12:14,127 INFO org.springframework.web.context.ContextLoader [localhost-startStop-1] Root WebApplicationContext: initialization completed in 3431 ms
2020-11-14 03:12:14,357 INFO org.springframework.boot.web.servlet.ServletRegistrationBean [localhost-startStop-1] Mapping servlet: 'dispatcherServlet' to [/]
2020-11-14 03:12:14,359 INFO org.springframework.boot.web.servlet.FilterRegistrationBean [localhost-startStop-1] Mapping filter: 'characterEncodingFilter' to: [/*]
2020-11-14 03:12:14,359 INFO org.springframework.boot.web.servlet.FilterRegistrationBean [localhost-startStop-1] Mapping filter: 'hiddenHttpMethodFilter' to: [/*]
2020-11-14 03:12:14,359 INFO org.springframework.boot.web.servlet.FilterRegistrationBean [localhost-startStop-1] Mapping filter: 'httpPutFormContentFilter' to: [/*]
2020-11-14 03:12:14,359 INFO org.springframework.boot.web.servlet.FilterRegistrationBean [localhost-startStop-1] Mapping filter: 'requestContextFilter' to: [/*]
2020-11-14 03:12:15,935 INFO org.springframework.orm.jpa.LocalContainerEntityManagerFactoryBean [restartedMain] Building JPA container EntityManagerFactory for persistence unit 'default'
2020-11-14 03:12:15,937 INFO org.hibernate.jpa.internal.util.LogHelper [restartedMain] HHH000204: Processing PersistenceUnitInfo [
	name: default
	...]
2020-11-14 03:12:16,044 INFO org.hibernate.dialect.Dialect [restartedMain] HHH000400: Using dialect: org.hibernate.dialect.MySQL5Dialect
2020-11-14 03:12:16,293 INFO org.springframework.orm.jpa.LocalContainerEntityManagerFactoryBean [restartedMain] Initialized JPA EntityManagerFactory for persistence unit 'default'
2020-11-14 03:12:16,942 INFO org.springframework.web.servlet.mvc.method.annotation.RequestMappingHandlerAdapter [restartedMain] Looking for @ControllerAdvice: org.springframework.boot.context.embedded.AnnotationConfigEmbeddedWebApplicationContext@6be9ade7: startup date [Sat Nov 14 03:12:10 PST 2020]; root of context hierarchy
2020-11-14 03:12:16,979 INFO org.springframework.web.servlet.mvc.method.annotation.RequestMappingHandlerMapping [restartedMain] Mapped "{[/rest/addKeyValue],methods=[GET]}" onto public java.lang.String com.common.RestCont.getKey(java.lang.String,java.lang.String,java.lang.String)
2020-11-14 03:12:16,980 INFO org.springframework.web.servlet.mvc.method.annotation.RequestMappingHandlerMapping [restartedMain] Mapped "{[/rest/getKey],methods=[GET]}" onto public java.lang.String com.common.RestCont.getKey(java.lang.String)
2020-11-14 03:12:16,980 INFO org.springframework.web.servlet.mvc.method.annotation.RequestMappingHandlerMapping [restartedMain] Mapped "{[/rest/test],methods=[GET]}" onto public java.util.List com.common.RestCont.test(java.lang.String) throws java.text.ParseException,javax.mail.internet.AddressException,javax.mail.MessagingException,java.net.URISyntaxException,java.io.IOException
2020-11-14 03:12:17,003 INFO org.springframework.web.servlet.mvc.method.annotation.RequestMappingHandlerMapping [restartedMain] Mapped "{[/error]}" onto public org.springframework.http.ResponseEntity<java.util.Map<java.lang.String, java.lang.Object>> org.springframework.boot.autoconfigure.web.BasicErrorController.error(javax.servlet.http.HttpServletRequest)
2020-11-14 03:12:17,017 INFO org.springframework.web.servlet.mvc.method.annotation.RequestMappingHandlerMapping [restartedMain] Mapped "{[/error],produces=[text/html]}" onto public org.springframework.web.servlet.ModelAndView org.springframework.boot.autoconfigure.web.BasicErrorController.errorHtml(javax.servlet.http.HttpServletRequest,javax.servlet.http.HttpServletResponse)
2020-11-14 03:12:17,185 INFO org.springframework.web.servlet.handler.SimpleUrlHandlerMapping [restartedMain] Mapped URL path [/webjars/**] onto handler of type [class org.springframework.web.servlet.resource.ResourceHttpRequestHandler]
2020-11-14 03:12:17,185 INFO org.springframework.web.servlet.handler.SimpleUrlHandlerMapping [restartedMain] Mapped URL path [/**] onto handler of type [class org.springframework.web.servlet.resource.ResourceHttpRequestHandler]
2020-11-14 03:12:17,462 INFO org.springframework.web.servlet.handler.SimpleUrlHandlerMapping [restartedMain] Mapped URL path [/**/favicon.ico] onto handler of type [class org.springframework.web.servlet.resource.ResourceHttpRequestHandler]
2020-11-14 03:12:17,836 INFO org.springframework.boot.devtools.autoconfigure.OptionalLiveReloadServer [restartedMain] LiveReload server is running on port 35729
2020-11-14 03:12:18,932 INFO org.springframework.jmx.export.annotation.AnnotationMBeanExporter [restartedMain] Registering beans for JMX exposure on startup
2020-11-14 03:12:18,962 INFO org.apache.coyote.http11.Http11NioProtocol [restartedMain] Initializing ProtocolHandler ["http-nio-8080"]
2020-11-14 03:12:18,963 INFO org.apache.coyote.http11.Http11NioProtocol [restartedMain] Starting ProtocolHandler ["http-nio-8080"]
2020-11-14 03:12:18,965 INFO org.apache.tomcat.util.net.NioSelectorPool [restartedMain] Using a shared selector for servlet write/read
2020-11-14 03:12:19,025 INFO org.springframework.boot.context.embedded.tomcat.TomcatEmbeddedServletContainer [restartedMain] Tomcat started on port(s): 8080 (http)
2020-11-14 03:12:19,028 INFO com.common.CommonApplication [restartedMain] Started CommonApplication in 8.881 seconds (JVM running for 15160.596)
2020-11-14 03:16:27,494 INFO org.springframework.boot.context.embedded.AnnotationConfigEmbeddedWebApplicationContext [Thread-67] Closing org.springframework.boot.context.embedded.AnnotationConfigEmbeddedWebApplicationContext@6be9ade7: startup date [Sat Nov 14 03:12:10 PST 2020]; root of context hierarchy
2020-11-14 03:16:27,496 WARN org.springframework.beans.factory.support.DisposableBeanAdapter [Thread-67] Invocation of destroy method failed on bean with name 'classPathFileSystemWatcher': java.lang.NullPointerException
2020-11-14 03:16:27,496 INFO org.springframework.jmx.export.annotation.AnnotationMBeanExporter [Thread-67] Unregistering JMX-exposed beans on shutdown
2020-11-14 03:16:27,497 INFO org.springframework.orm.jpa.LocalContainerEntityManagerFactoryBean [Thread-67] Closing JPA EntityManagerFactory for persistence unit 'default'
2020-11-14 03:16:29,567 INFO com.common.CommonApplication [restartedMain] Starting CommonApplication on DESKTOP-DP2EEPT with PID 4684 (E:\Learning\code_snipt\common\target\classes started by gourav in E:\Learning\code_snipt\common)
2020-11-14 03:16:29,568 INFO com.common.CommonApplication [restartedMain] No active profile set, falling back to default profiles: default
2020-11-14 03:16:29,571 INFO org.springframework.boot.context.embedded.AnnotationConfigEmbeddedWebApplicationContext [restartedMain] Refreshing org.springframework.boot.context.embedded.AnnotationConfigEmbeddedWebApplicationContext@3229c306: startup date [Sat Nov 14 03:16:29 PST 2020]; root of context hierarchy
2020-11-14 03:16:30,660 INFO org.springframework.boot.context.embedded.tomcat.TomcatEmbeddedServletContainer [restartedMain] Tomcat initialized with port(s): 8080 (http)
2020-11-14 03:16:30,664 INFO org.apache.catalina.core.StandardService [restartedMain] Starting service [Tomcat]
2020-11-14 03:16:30,664 INFO org.apache.catalina.core.StandardEngine [restartedMain] Starting Servlet Engine: Apache Tomcat/8.5.23
2020-11-14 03:16:30,830 INFO org.apache.catalina.core.ContainerBase.[Tomcat].[localhost].[/] [localhost-startStop-1] Initializing Spring embedded WebApplicationContext
2020-11-14 03:16:30,969 INFO org.springframework.web.context.ContextLoader [localhost-startStop-1] Root WebApplicationContext: initialization completed in 1398 ms
2020-11-14 03:16:31,204 INFO org.springframework.boot.web.servlet.ServletRegistrationBean [localhost-startStop-1] Mapping servlet: 'dispatcherServlet' to [/]
2020-11-14 03:16:31,205 INFO org.springframework.boot.web.servlet.FilterRegistrationBean [localhost-startStop-1] Mapping filter: 'characterEncodingFilter' to: [/*]
2020-11-14 03:16:31,205 INFO org.springframework.boot.web.servlet.FilterRegistrationBean [localhost-startStop-1] Mapping filter: 'hiddenHttpMethodFilter' to: [/*]
2020-11-14 03:16:31,205 INFO org.springframework.boot.web.servlet.FilterRegistrationBean [localhost-startStop-1] Mapping filter: 'httpPutFormContentFilter' to: [/*]
2020-11-14 03:16:31,205 INFO org.springframework.boot.web.servlet.FilterRegistrationBean [localhost-startStop-1] Mapping filter: 'requestContextFilter' to: [/*]
2020-11-14 03:16:32,148 INFO org.springframework.orm.jpa.LocalContainerEntityManagerFactoryBean [restartedMain] Building JPA container EntityManagerFactory for persistence unit 'default'
2020-11-14 03:16:32,148 INFO org.hibernate.jpa.internal.util.LogHelper [restartedMain] HHH000204: Processing PersistenceUnitInfo [
	name: default
	...]
2020-11-14 03:16:32,158 INFO org.hibernate.dialect.Dialect [restartedMain] HHH000400: Using dialect: org.hibernate.dialect.MySQL5Dialect
2020-11-14 03:16:32,229 INFO org.springframework.orm.jpa.LocalContainerEntityManagerFactoryBean [restartedMain] Initialized JPA EntityManagerFactory for persistence unit 'default'
2020-11-14 03:16:32,490 INFO org.springframework.web.servlet.mvc.method.annotation.RequestMappingHandlerAdapter [restartedMain] Looking for @ControllerAdvice: org.springframework.boot.context.embedded.AnnotationConfigEmbeddedWebApplicationContext@3229c306: startup date [Sat Nov 14 03:16:29 PST 2020]; root of context hierarchy
2020-11-14 03:16:32,513 INFO org.springframework.web.servlet.mvc.method.annotation.RequestMappingHandlerMapping [restartedMain] Mapped "{[/rest/addKeyValue],methods=[GET]}" onto public java.lang.String com.common.RestCont.getKey(java.lang.String,java.lang.String,java.lang.String)
2020-11-14 03:16:32,513 INFO org.springframework.web.servlet.mvc.method.annotation.RequestMappingHandlerMapping [restartedMain] Mapped "{[/rest/getKey],methods=[GET]}" onto public java.lang.String com.common.RestCont.getKey(java.lang.String)
2020-11-14 03:16:32,513 INFO org.springframework.web.servlet.mvc.method.annotation.RequestMappingHandlerMapping [restartedMain] Mapped "{[/rest/test],methods=[GET]}" onto public java.util.List com.common.RestCont.test(java.lang.String) throws java.text.ParseException,javax.mail.internet.AddressException,javax.mail.MessagingException,java.net.URISyntaxException,java.io.IOException
2020-11-14 03:16:32,514 INFO org.springframework.web.servlet.mvc.method.annotation.RequestMappingHandlerMapping [restartedMain] Mapped "{[/rest/testPostRequest],methods=[POST]}" onto public java.util.List com.common.RestCont.testPostRequest(com.common.dto.RequestDO) throws java.text.ParseException,javax.mail.internet.AddressException,javax.mail.MessagingException,java.net.URISyntaxException,java.io.IOException
2020-11-14 03:16:32,515 INFO org.springframework.web.servlet.mvc.method.annotation.RequestMappingHandlerMapping [restartedMain] Mapped "{[/error]}" onto public org.springframework.http.ResponseEntity<java.util.Map<java.lang.String, java.lang.Object>> org.springframework.boot.autoconfigure.web.BasicErrorController.error(javax.servlet.http.HttpServletRequest)
2020-11-14 03:16:32,515 INFO org.springframework.web.servlet.mvc.method.annotation.RequestMappingHandlerMapping [restartedMain] Mapped "{[/error],produces=[text/html]}" onto public org.springframework.web.servlet.ModelAndView org.springframework.boot.autoconfigure.web.BasicErrorController.errorHtml(javax.servlet.http.HttpServletRequest,javax.servlet.http.HttpServletResponse)
2020-11-14 03:16:32,523 INFO org.springframework.web.servlet.handler.SimpleUrlHandlerMapping [restartedMain] Mapped URL path [/webjars/**] onto handler of type [class org.springframework.web.servlet.resource.ResourceHttpRequestHandler]
2020-11-14 03:16:32,523 INFO org.springframework.web.servlet.handler.SimpleUrlHandlerMapping [restartedMain] Mapped URL path [/**] onto handler of type [class org.springframework.web.servlet.resource.ResourceHttpRequestHandler]
2020-11-14 03:16:32,537 INFO org.springframework.web.servlet.handler.SimpleUrlHandlerMapping [restartedMain] Mapped URL path [/**/favicon.ico] onto handler of type [class org.springframework.web.servlet.resource.ResourceHttpRequestHandler]
2020-11-14 03:16:32,671 INFO org.springframework.boot.devtools.autoconfigure.OptionalLiveReloadServer [restartedMain] LiveReload server is running on port 35729
2020-11-14 03:16:32,836 INFO org.springframework.jmx.export.annotation.AnnotationMBeanExporter [restartedMain] Registering beans for JMX exposure on startup
2020-11-14 03:16:32,854 INFO org.apache.coyote.http11.Http11NioProtocol [restartedMain] Initializing ProtocolHandler ["http-nio-8080"]
2020-11-14 03:16:32,855 INFO org.apache.coyote.http11.Http11NioProtocol [restartedMain] Starting ProtocolHandler ["http-nio-8080"]
2020-11-14 03:16:32,856 INFO org.apache.tomcat.util.net.NioSelectorPool [restartedMain] Using a shared selector for servlet write/read
2020-11-14 03:16:32,883 INFO org.springframework.boot.context.embedded.tomcat.TomcatEmbeddedServletContainer [restartedMain] Tomcat started on port(s): 8080 (http)
2020-11-14 03:16:32,885 INFO com.common.CommonApplication [restartedMain] Started CommonApplication in 3.545 seconds (JVM running for 15414.454)
2020-11-14 10:50:34,901 INFO org.springframework.boot.context.embedded.AnnotationConfigEmbeddedWebApplicationContext [Thread-74] Closing org.springframework.boot.context.embedded.AnnotationConfigEmbeddedWebApplicationContext@3229c306: startup date [Sat Nov 14 03:16:29 PST 2020]; root of context hierarchy
2020-11-14 10:50:45,310 WARN org.springframework.beans.factory.support.DisposableBeanAdapter [Thread-74] Invocation of destroy method failed on bean with name 'classPathFileSystemWatcher': java.lang.NullPointerException
2020-11-14 10:50:45,437 INFO org.springframework.jmx.export.annotation.AnnotationMBeanExporter [Thread-74] Unregistering JMX-exposed beans on shutdown
2020-11-14 10:50:46,373 INFO org.springframework.orm.jpa.LocalContainerEntityManagerFactoryBean [Thread-74] Closing JPA EntityManagerFactory for persistence unit 'default'
2020-11-14 10:51:29,841 INFO com.common.CommonApplication [restartedMain] Starting CommonApplication on DESKTOP-DP2EEPT with PID 4684 (E:\Learning\code_snipt\common\target\classes started by gourav in E:\Learning\code_snipt\common)
2020-11-14 10:51:29,842 INFO com.common.CommonApplication [restartedMain] No active profile set, falling back to default profiles: default
2020-11-14 10:51:30,049 INFO org.springframework.boot.context.embedded.AnnotationConfigEmbeddedWebApplicationContext [restartedMain] Refreshing org.springframework.boot.context.embedded.AnnotationConfigEmbeddedWebApplicationContext@2b8c1484: startup date [Sat Nov 14 10:51:30 PST 2020]; root of context hierarchy
2020-11-14 10:51:45,458 INFO org.springframework.boot.context.embedded.tomcat.TomcatEmbeddedServletContainer [restartedMain] Tomcat initialized with port(s): 8080 (http)
2020-11-14 10:51:45,510 INFO org.apache.catalina.core.StandardService [restartedMain] Starting service [Tomcat]
2020-11-14 10:51:45,511 INFO org.apache.catalina.core.StandardEngine [restartedMain] Starting Servlet Engine: Apache Tomcat/8.5.23
2020-11-14 10:51:45,627 INFO org.apache.catalina.core.ContainerBase.[Tomcat].[localhost].[/] [localhost-startStop-1] Initializing Spring embedded WebApplicationContext
2020-11-14 10:51:45,672 INFO org.springframework.web.context.ContextLoader [localhost-startStop-1] Root WebApplicationContext: initialization completed in 15623 ms
2020-11-14 10:51:45,839 INFO org.springframework.boot.web.servlet.ServletRegistrationBean [localhost-startStop-1] Mapping servlet: 'dispatcherServlet' to [/]
2020-11-14 10:51:45,840 INFO org.springframework.boot.web.servlet.FilterRegistrationBean [localhost-startStop-1] Mapping filter: 'characterEncodingFilter' to: [/*]
2020-11-14 10:51:45,840 INFO org.springframework.boot.web.servlet.FilterRegistrationBean [localhost-startStop-1] Mapping filter: 'hiddenHttpMethodFilter' to: [/*]
2020-11-14 10:51:45,841 INFO org.springframework.boot.web.servlet.FilterRegistrationBean [localhost-startStop-1] Mapping filter: 'httpPutFormContentFilter' to: [/*]
2020-11-14 10:51:45,841 INFO org.springframework.boot.web.servlet.FilterRegistrationBean [localhost-startStop-1] Mapping filter: 'requestContextFilter' to: [/*]
2020-11-14 10:51:47,809 INFO org.springframework.orm.jpa.LocalContainerEntityManagerFactoryBean [restartedMain] Building JPA container EntityManagerFactory for persistence unit 'default'
2020-11-14 10:51:47,821 INFO org.hibernate.jpa.internal.util.LogHelper [restartedMain] HHH000204: Processing PersistenceUnitInfo [
	name: default
	...]
2020-11-14 10:51:47,941 INFO org.hibernate.dialect.Dialect [restartedMain] HHH000400: Using dialect: org.hibernate.dialect.MySQL5Dialect
2020-11-14 10:51:48,205 INFO org.springframework.orm.jpa.LocalContainerEntityManagerFactoryBean [restartedMain] Initialized JPA EntityManagerFactory for persistence unit 'default'
2020-11-14 10:51:49,654 INFO org.springframework.web.servlet.mvc.method.annotation.RequestMappingHandlerAdapter [restartedMain] Looking for @ControllerAdvice: org.springframework.boot.context.embedded.AnnotationConfigEmbeddedWebApplicationContext@2b8c1484: startup date [Sat Nov 14 10:51:30 PST 2020]; root of context hierarchy
2020-11-14 10:51:49,744 INFO org.springframework.web.servlet.mvc.method.annotation.RequestMappingHandlerMapping [restartedMain] Mapped "{[/rest/addKeyValue],methods=[GET]}" onto public java.lang.String com.common.RestCont.getKey(java.lang.String,java.lang.String,java.lang.String)
2020-11-14 10:51:49,746 INFO org.springframework.web.servlet.mvc.method.annotation.RequestMappingHandlerMapping [restartedMain] Mapped "{[/rest/getKey],methods=[GET]}" onto public java.lang.String com.common.RestCont.getKey(java.lang.String)
2020-11-14 10:51:49,747 INFO org.springframework.web.servlet.mvc.method.annotation.RequestMappingHandlerMapping [restartedMain] Mapped "{[/rest/test],methods=[GET]}" onto public java.util.List com.common.RestCont.test(java.lang.String) throws java.text.ParseException,javax.mail.internet.AddressException,javax.mail.MessagingException,java.net.URISyntaxException,java.io.IOException
2020-11-14 10:51:49,748 INFO org.springframework.web.servlet.mvc.method.annotation.RequestMappingHandlerMapping [restartedMain] Mapped "{[/rest/testPostRequest],methods=[POST]}" onto public java.util.List com.common.RestCont.testPostRequest(com.common.dto.RequestDO) throws java.text.ParseException,javax.mail.internet.AddressException,javax.mail.MessagingException,java.net.URISyntaxException,java.io.IOException
2020-11-14 10:51:49,759 INFO org.springframework.web.servlet.mvc.method.annotation.RequestMappingHandlerMapping [restartedMain] Mapped "{[/error]}" onto public org.springframework.http.ResponseEntity<java.util.Map<java.lang.String, java.lang.Object>> org.springframework.boot.autoconfigure.web.BasicErrorController.error(javax.servlet.http.HttpServletRequest)
2020-11-14 10:51:49,761 INFO org.springframework.web.servlet.mvc.method.annotation.RequestMappingHandlerMapping [restartedMain] Mapped "{[/error],produces=[text/html]}" onto public org.springframework.web.servlet.ModelAndView org.springframework.boot.autoconfigure.web.BasicErrorController.errorHtml(javax.servlet.http.HttpServletRequest,javax.servlet.http.HttpServletResponse)
2020-11-14 10:51:49,858 INFO org.springframework.web.servlet.handler.SimpleUrlHandlerMapping [restartedMain] Mapped URL path [/webjars/**] onto handler of type [class org.springframework.web.servlet.resource.ResourceHttpRequestHandler]
2020-11-14 10:51:49,858 INFO org.springframework.web.servlet.handler.SimpleUrlHandlerMapping [restartedMain] Mapped URL path [/**] onto handler of type [class org.springframework.web.servlet.resource.ResourceHttpRequestHandler]
2020-11-14 10:51:50,043 INFO org.springframework.web.servlet.handler.SimpleUrlHandlerMapping [restartedMain] Mapped URL path [/**/favicon.ico] onto handler of type [class org.springframework.web.servlet.resource.ResourceHttpRequestHandler]
2020-11-14 10:51:50,607 INFO org.springframework.boot.devtools.autoconfigure.OptionalLiveReloadServer [restartedMain] LiveReload server is running on port 35729
2020-11-14 10:51:51,721 INFO org.springframework.jmx.export.annotation.AnnotationMBeanExporter [restartedMain] Registering beans for JMX exposure on startup
2020-11-14 10:51:51,921 INFO org.apache.coyote.http11.Http11NioProtocol [restartedMain] Initializing ProtocolHandler ["http-nio-8080"]
2020-11-14 10:51:51,923 INFO org.apache.coyote.http11.Http11NioProtocol [restartedMain] Starting ProtocolHandler ["http-nio-8080"]
2020-11-14 10:51:51,927 INFO org.apache.tomcat.util.net.NioSelectorPool [restartedMain] Using a shared selector for servlet write/read
2020-11-14 10:51:52,096 INFO org.springframework.boot.context.embedded.tomcat.TomcatEmbeddedServletContainer [restartedMain] Tomcat started on port(s): 8080 (http)
2020-11-14 10:51:52,147 INFO com.common.CommonApplication [restartedMain] Started CommonApplication in 23.99 seconds (JVM running for 42733.745)
2020-11-14 10:53:16,837 INFO com.common.CommonApplication [restartedMain] Starting CommonApplication on DESKTOP-DP2EEPT with PID 4712 (E:\Learning\code_snipt\common\target\classes started by gourav in E:\Learning\code_snipt\common)
2020-11-14 10:53:16,849 INFO com.common.CommonApplication [restartedMain] No active profile set, falling back to default profiles: default
2020-11-14 10:53:17,200 INFO org.springframework.boot.context.embedded.AnnotationConfigEmbeddedWebApplicationContext [restartedMain] Refreshing org.springframework.boot.context.embedded.AnnotationConfigEmbeddedWebApplicationContext@42f8624f: startup date [Sat Nov 14 10:53:17 PST 2020]; root of context hierarchy
2020-11-14 10:53:20,690 INFO org.hibernate.validator.internal.util.Version [background-preinit] HV000001: Hibernate Validator 5.3.5.Final
2020-11-14 10:53:30,307 INFO org.springframework.boot.context.embedded.tomcat.TomcatEmbeddedServletContainer [restartedMain] Tomcat initialized with port(s): 8080 (http)
2020-11-14 10:53:30,458 INFO org.apache.catalina.core.StandardService [restartedMain] Starting service [Tomcat]
2020-11-14 10:53:30,463 INFO org.apache.catalina.core.StandardEngine [restartedMain] Starting Servlet Engine: Apache Tomcat/8.5.23
2020-11-14 10:53:31,110 INFO org.apache.catalina.core.ContainerBase.[Tomcat].[localhost].[/] [localhost-startStop-1] Initializing Spring embedded WebApplicationContext
2020-11-14 10:53:31,113 INFO org.springframework.web.context.ContextLoader [localhost-startStop-1] Root WebApplicationContext: initialization completed in 13912 ms
2020-11-14 10:53:31,827 INFO org.springframework.boot.web.servlet.ServletRegistrationBean [localhost-startStop-1] Mapping servlet: 'dispatcherServlet' to [/]
2020-11-14 10:53:31,845 INFO org.springframework.boot.web.servlet.FilterRegistrationBean [localhost-startStop-1] Mapping filter: 'characterEncodingFilter' to: [/*]
2020-11-14 10:53:31,847 INFO org.springframework.boot.web.servlet.FilterRegistrationBean [localhost-startStop-1] Mapping filter: 'hiddenHttpMethodFilter' to: [/*]
2020-11-14 10:53:31,848 INFO org.springframework.boot.web.servlet.FilterRegistrationBean [localhost-startStop-1] Mapping filter: 'httpPutFormContentFilter' to: [/*]
2020-11-14 10:53:31,848 INFO org.springframework.boot.web.servlet.FilterRegistrationBean [localhost-startStop-1] Mapping filter: 'requestContextFilter' to: [/*]
2020-11-14 10:53:38,022 INFO org.springframework.orm.jpa.LocalContainerEntityManagerFactoryBean [restartedMain] Building JPA container EntityManagerFactory for persistence unit 'default'
2020-11-14 10:53:38,345 INFO org.hibernate.jpa.internal.util.LogHelper [restartedMain] HHH000204: Processing PersistenceUnitInfo [
	name: default
	...]
2020-11-14 10:53:39,042 INFO org.hibernate.Version [restartedMain] HHH000412: Hibernate Core {5.0.12.Final}
2020-11-14 10:53:39,048 INFO org.hibernate.cfg.Environment [restartedMain] HHH000206: hibernate.properties not found
2020-11-14 10:53:39,055 INFO org.hibernate.cfg.Environment [restartedMain] HHH000021: Bytecode provider name : javassist
2020-11-14 10:53:39,469 INFO org.hibernate.annotations.common.Version [restartedMain] HCANN000001: Hibernate Commons Annotations {5.0.1.Final}
2020-11-14 10:53:40,797 INFO org.hibernate.dialect.Dialect [restartedMain] HHH000400: Using dialect: org.hibernate.dialect.MySQL5Dialect
2020-11-14 10:53:44,931 INFO org.springframework.orm.jpa.LocalContainerEntityManagerFactoryBean [restartedMain] Initialized JPA EntityManagerFactory for persistence unit 'default'
2020-11-14 10:53:46,646 INFO org.springframework.web.servlet.mvc.method.annotation.RequestMappingHandlerAdapter [restartedMain] Looking for @ControllerAdvice: org.springframework.boot.context.embedded.AnnotationConfigEmbeddedWebApplicationContext@42f8624f: startup date [Sat Nov 14 10:53:17 PST 2020]; root of context hierarchy
2020-11-14 10:53:47,142 INFO org.springframework.web.servlet.mvc.method.annotation.RequestMappingHandlerMapping [restartedMain] Mapped "{[/rest/addKeyValue],methods=[GET]}" onto public java.lang.String com.common.RestCont.getKey(java.lang.String,java.lang.String,java.lang.String)
2020-11-14 10:53:47,153 INFO org.springframework.web.servlet.mvc.method.annotation.RequestMappingHandlerMapping [restartedMain] Mapped "{[/rest/getKey],methods=[GET]}" onto public java.lang.String com.common.RestCont.getKey(java.lang.String)
2020-11-14 10:53:47,156 INFO org.springframework.web.servlet.mvc.method.annotation.RequestMappingHandlerMapping [restartedMain] Mapped "{[/rest/test],methods=[GET]}" onto public java.util.List com.common.RestCont.test(java.lang.String) throws java.text.ParseException,javax.mail.internet.AddressException,javax.mail.MessagingException,java.net.URISyntaxException,java.io.IOException
2020-11-14 10:53:47,157 INFO org.springframework.web.servlet.mvc.method.annotation.RequestMappingHandlerMapping [restartedMain] Mapped "{[/rest/testPostRequest],methods=[POST]}" onto public java.util.List com.common.RestCont.testPostRequest(com.common.dto.RequestDO) throws java.text.ParseException,javax.mail.internet.AddressException,javax.mail.MessagingException,java.net.URISyntaxException,java.io.IOException
2020-11-14 10:53:47,168 INFO org.springframework.web.servlet.mvc.method.annotation.RequestMappingHandlerMapping [restartedMain] Mapped "{[/error]}" onto public org.springframework.http.ResponseEntity<java.util.Map<java.lang.String, java.lang.Object>> org.springframework.boot.autoconfigure.web.BasicErrorController.error(javax.servlet.http.HttpServletRequest)
2020-11-14 10:53:47,170 INFO org.springframework.web.servlet.mvc.method.annotation.RequestMappingHandlerMapping [restartedMain] Mapped "{[/error],produces=[text/html]}" onto public org.springframework.web.servlet.ModelAndView org.springframework.boot.autoconfigure.web.BasicErrorController.errorHtml(javax.servlet.http.HttpServletRequest,javax.servlet.http.HttpServletResponse)
2020-11-14 10:53:47,357 INFO org.springframework.web.servlet.handler.SimpleUrlHandlerMapping [restartedMain] Mapped URL path [/webjars/**] onto handler of type [class org.springframework.web.servlet.resource.ResourceHttpRequestHandler]
2020-11-14 10:53:47,357 INFO org.springframework.web.servlet.handler.SimpleUrlHandlerMapping [restartedMain] Mapped URL path [/**] onto handler of type [class org.springframework.web.servlet.resource.ResourceHttpRequestHandler]
2020-11-14 10:53:47,615 INFO org.springframework.web.servlet.handler.SimpleUrlHandlerMapping [restartedMain] Mapped URL path [/**/favicon.ico] onto handler of type [class org.springframework.web.servlet.resource.ResourceHttpRequestHandler]
2020-11-14 10:53:49,078 WARN org.springframework.boot.devtools.autoconfigure.OptionalLiveReloadServer [restartedMain] Unable to start LiveReload server
2020-11-14 10:53:49,559 INFO org.springframework.jmx.export.annotation.AnnotationMBeanExporter [restartedMain] Registering beans for JMX exposure on startup
2020-11-14 10:53:49,685 INFO org.apache.coyote.http11.Http11NioProtocol [restartedMain] Initializing ProtocolHandler ["http-nio-8080"]
2020-11-14 10:53:50,057 INFO org.apache.coyote.http11.Http11NioProtocol [restartedMain] Starting ProtocolHandler ["http-nio-8080"]
2020-11-14 10:53:50,176 ERROR org.apache.coyote.http11.Http11NioProtocol [restartedMain] Failed to start end point associated with ProtocolHandler ["http-nio-8080"]
java.net.BindException: Address already in use: bind
	at sun.nio.ch.Net.bind0(Native Method)
	at sun.nio.ch.Net.bind(Unknown Source)
	at sun.nio.ch.Net.bind(Unknown Source)
	at sun.nio.ch.ServerSocketChannelImpl.bind(Unknown Source)
	at sun.nio.ch.ServerSocketAdaptor.bind(Unknown Source)
	at org.apache.tomcat.util.net.NioEndpoint.bind(NioEndpoint.java:210)
	at org.apache.tomcat.util.net.AbstractEndpoint.start(AbstractEndpoint.java:990)
	at org.apache.coyote.AbstractProtocol.start(AbstractProtocol.java:635)
	at org.apache.catalina.connector.Connector.startInternal(Connector.java:1022)
	at org.apache.catalina.util.LifecycleBase.start(LifecycleBase.java:150)
	at org.apache.catalina.core.StandardService.addConnector(StandardService.java:225)
	at org.springframework.boot.context.embedded.tomcat.TomcatEmbeddedServletContainer.addPreviouslyRemovedConnectors(TomcatEmbeddedServletContainer.java:250)
	at org.springframework.boot.context.embedded.tomcat.TomcatEmbeddedServletContainer.start(TomcatEmbeddedServletContainer.java:193)
	at org.springframework.boot.context.embedded.EmbeddedWebApplicationContext.startEmbeddedServletContainer(EmbeddedWebApplicationContext.java:297)
	at org.springframework.boot.context.embedded.EmbeddedWebApplicationContext.finishRefresh(EmbeddedWebApplicationContext.java:145)
	at org.springframework.context.support.AbstractApplicationContext.refresh(AbstractApplicationContext.java:546)
	at org.springframework.boot.context.embedded.EmbeddedWebApplicationContext.refresh(EmbeddedWebApplicationContext.java:122)
	at org.springframework.boot.SpringApplication.refresh(SpringApplication.java:693)
	at org.springframework.boot.SpringApplication.refreshContext(SpringApplication.java:360)
	at org.springframework.boot.SpringApplication.run(SpringApplication.java:303)
	at org.springframework.boot.SpringApplication.run(SpringApplication.java:1118)
	at org.springframework.boot.SpringApplication.run(SpringApplication.java:1107)
	at com.common.CommonApplication.main(CommonApplication.java:23)
	at sun.reflect.NativeMethodAccessorImpl.invoke0(Native Method)
	at sun.reflect.NativeMethodAccessorImpl.invoke(Unknown Source)
	at sun.reflect.DelegatingMethodAccessorImpl.invoke(Unknown Source)
	at java.lang.reflect.Method.invoke(Unknown Source)
	at org.springframework.boot.devtools.restart.RestartLauncher.run(RestartLauncher.java:49)
2020-11-14 10:53:50,182 ERROR org.apache.catalina.core.StandardService [restartedMain] Failed to start connector [Connector[HTTP/1.1-8080]]
org.apache.catalina.LifecycleException: Failed to start component [Connector[HTTP/1.1-8080]]
	at org.apache.catalina.util.LifecycleBase.start(LifecycleBase.java:167)
	at org.apache.catalina.core.StandardService.addConnector(StandardService.java:225)
	at org.springframework.boot.context.embedded.tomcat.TomcatEmbeddedServletContainer.addPreviouslyRemovedConnectors(TomcatEmbeddedServletContainer.java:250)
	at org.springframework.boot.context.embedded.tomcat.TomcatEmbeddedServletContainer.start(TomcatEmbeddedServletContainer.java:193)
	at org.springframework.boot.context.embedded.EmbeddedWebApplicationContext.startEmbeddedServletContainer(EmbeddedWebApplicationContext.java:297)
	at org.springframework.boot.context.embedded.EmbeddedWebApplicationContext.finishRefresh(EmbeddedWebApplicationContext.java:145)
	at org.springframework.context.support.AbstractApplicationContext.refresh(AbstractApplicationContext.java:546)
	at org.springframework.boot.context.embedded.EmbeddedWebApplicationContext.refresh(EmbeddedWebApplicationContext.java:122)
	at org.springframework.boot.SpringApplication.refresh(SpringApplication.java:693)
	at org.springframework.boot.SpringApplication.refreshContext(SpringApplication.java:360)
	at org.springframework.boot.SpringApplication.run(SpringApplication.java:303)
	at org.springframework.boot.SpringApplication.run(SpringApplication.java:1118)
	at org.springframework.boot.SpringApplication.run(SpringApplication.java:1107)
	at com.common.CommonApplication.main(CommonApplication.java:23)
	at sun.reflect.NativeMethodAccessorImpl.invoke0(Native Method)
	at sun.reflect.NativeMethodAccessorImpl.invoke(Unknown Source)
	at sun.reflect.DelegatingMethodAccessorImpl.invoke(Unknown Source)
	at java.lang.reflect.Method.invoke(Unknown Source)
	at org.springframework.boot.devtools.restart.RestartLauncher.run(RestartLauncher.java:49)
Caused by: org.apache.catalina.LifecycleException: service.getName(): "Tomcat";  Protocol handler start failed
	at org.apache.catalina.connector.Connector.startInternal(Connector.java:1031)
	at org.apache.catalina.util.LifecycleBase.start(LifecycleBase.java:150)
	... 18 common frames omitted
Caused by: java.net.BindException: Address already in use: bind
	at sun.nio.ch.Net.bind0(Native Method)
	at sun.nio.ch.Net.bind(Unknown Source)
	at sun.nio.ch.Net.bind(Unknown Source)
	at sun.nio.ch.ServerSocketChannelImpl.bind(Unknown Source)
	at sun.nio.ch.ServerSocketAdaptor.bind(Unknown Source)
	at org.apache.tomcat.util.net.NioEndpoint.bind(NioEndpoint.java:210)
	at org.apache.tomcat.util.net.AbstractEndpoint.start(AbstractEndpoint.java:990)
	at org.apache.coyote.AbstractProtocol.start(AbstractProtocol.java:635)
	at org.apache.catalina.connector.Connector.startInternal(Connector.java:1022)
	... 19 common frames omitted
2020-11-14 10:53:50,370 INFO org.apache.coyote.http11.Http11NioProtocol [restartedMain] Pausing ProtocolHandler ["http-nio-8080"]
2020-11-14 10:53:50,371 INFO org.apache.catalina.core.StandardService [restartedMain] Stopping service [Tomcat]
2020-11-14 10:53:50,478 INFO org.apache.catalina.util.LifecycleBase [restartedMain] The stop() method was called on component [StandardServer[-1]] after stop() had already been called. The second call will be ignored.
2020-11-14 10:53:50,489 INFO org.apache.coyote.http11.Http11NioProtocol [restartedMain] Stopping ProtocolHandler ["http-nio-8080"]
2020-11-14 10:53:50,491 INFO org.apache.coyote.http11.Http11NioProtocol [restartedMain] Destroying ProtocolHandler ["http-nio-8080"]
2020-11-14 10:53:50,516 INFO org.springframework.boot.autoconfigure.logging.AutoConfigurationReportLoggingInitializer [restartedMain] 

Error starting ApplicationContext. To display the auto-configuration report re-run your application with 'debug' enabled.
2020-11-14 10:53:50,538 ERROR org.springframework.boot.diagnostics.LoggingFailureAnalysisReporter [restartedMain] 

***************************
APPLICATION FAILED TO START
***************************

Description:

The Tomcat connector configured to listen on port 8080 failed to start. The port may already be in use or the connector may be misconfigured.

Action:

Verify the connector's configuration, identify and stop any process that's listening on port 8080, or configure this application to listen on another port.

2020-11-14 10:53:50,551 INFO org.springframework.boot.context.embedded.AnnotationConfigEmbeddedWebApplicationContext [restartedMain] Closing org.springframework.boot.context.embedded.AnnotationConfigEmbeddedWebApplicationContext@42f8624f: startup date [Sat Nov 14 10:53:17 PST 2020]; root of context hierarchy
2020-11-14 10:53:50,557 INFO org.springframework.jmx.export.annotation.AnnotationMBeanExporter [restartedMain] Unregistering JMX-exposed beans on shutdown
2020-11-14 10:53:50,560 INFO org.springframework.orm.jpa.LocalContainerEntityManagerFactoryBean [restartedMain] Closing JPA EntityManagerFactory for persistence unit 'default'
2020-11-14 10:54:08,669 INFO org.apache.catalina.core.ContainerBase.[Tomcat].[localhost].[/] [http-nio-8080-exec-1] Initializing Spring FrameworkServlet 'dispatcherServlet'
2020-11-14 10:54:08,670 INFO org.springframework.web.servlet.DispatcherServlet [http-nio-8080-exec-1] FrameworkServlet 'dispatcherServlet': initialization started
2020-11-14 10:54:08,680 INFO org.springframework.web.servlet.DispatcherServlet [http-nio-8080-exec-1] FrameworkServlet 'dispatcherServlet': initialization completed in 9 ms
2020-11-14 10:56:35,169 INFO org.springframework.boot.context.embedded.AnnotationConfigEmbeddedWebApplicationContext [Thread-81] Closing org.springframework.boot.context.embedded.AnnotationConfigEmbeddedWebApplicationContext@2b8c1484: startup date [Sat Nov 14 10:51:30 PST 2020]; root of context hierarchy
2020-11-14 10:56:35,173 WARN org.springframework.beans.factory.support.DisposableBeanAdapter [Thread-81] Invocation of destroy method failed on bean with name 'classPathFileSystemWatcher': java.lang.NullPointerException
2020-11-14 10:56:35,174 INFO org.springframework.jmx.export.annotation.AnnotationMBeanExporter [Thread-81] Unregistering JMX-exposed beans on shutdown
2020-11-14 10:56:35,175 INFO org.springframework.orm.jpa.LocalContainerEntityManagerFactoryBean [Thread-81] Closing JPA EntityManagerFactory for persistence unit 'default'
2020-11-14 10:56:38,301 INFO com.common.CommonApplication [restartedMain] Starting CommonApplication on DESKTOP-DP2EEPT with PID 4684 (E:\Learning\code_snipt\common\target\classes started by gourav in E:\Learning\code_snipt\common)
2020-11-14 10:56:38,302 INFO com.common.CommonApplication [restartedMain] No active profile set, falling back to default profiles: default
2020-11-14 10:56:38,310 INFO org.springframework.boot.context.embedded.AnnotationConfigEmbeddedWebApplicationContext [restartedMain] Refreshing org.springframework.boot.context.embedded.AnnotationConfigEmbeddedWebApplicationContext@44df9323: startup date [Sat Nov 14 10:56:38 PST 2020]; root of context hierarchy
2020-11-14 10:56:45,914 INFO org.springframework.boot.context.embedded.tomcat.TomcatEmbeddedServletContainer [restartedMain] Tomcat initialized with port(s): 8080 (http)
2020-11-14 10:56:45,918 INFO org.apache.catalina.core.StandardService [restartedMain] Starting service [Tomcat]
2020-11-14 10:56:45,919 INFO org.apache.catalina.core.StandardEngine [restartedMain] Starting Servlet Engine: Apache Tomcat/8.5.23
2020-11-14 10:56:46,033 INFO org.apache.catalina.core.ContainerBase.[Tomcat].[localhost].[/] [localhost-startStop-1] Initializing Spring embedded WebApplicationContext
2020-11-14 10:56:46,036 INFO org.springframework.web.context.ContextLoader [localhost-startStop-1] Root WebApplicationContext: initialization completed in 7726 ms
2020-11-14 10:56:46,187 INFO org.springframework.boot.web.servlet.ServletRegistrationBean [localhost-startStop-1] Mapping servlet: 'dispatcherServlet' to [/]
2020-11-14 10:56:46,188 INFO org.springframework.boot.web.servlet.FilterRegistrationBean [localhost-startStop-1] Mapping filter: 'characterEncodingFilter' to: [/*]
2020-11-14 10:56:46,189 INFO org.springframework.boot.web.servlet.FilterRegistrationBean [localhost-startStop-1] Mapping filter: 'hiddenHttpMethodFilter' to: [/*]
2020-11-14 10:56:46,190 INFO org.springframework.boot.web.servlet.FilterRegistrationBean [localhost-startStop-1] Mapping filter: 'httpPutFormContentFilter' to: [/*]
2020-11-14 10:56:46,190 INFO org.springframework.boot.web.servlet.FilterRegistrationBean [localhost-startStop-1] Mapping filter: 'requestContextFilter' to: [/*]
2020-11-14 10:56:47,669 INFO org.springframework.orm.jpa.LocalContainerEntityManagerFactoryBean [restartedMain] Building JPA container EntityManagerFactory for persistence unit 'default'
2020-11-14 10:56:47,670 INFO org.hibernate.jpa.internal.util.LogHelper [restartedMain] HHH000204: Processing PersistenceUnitInfo [
	name: default
	...]
2020-11-14 10:56:47,727 INFO org.hibernate.dialect.Dialect [restartedMain] HHH000400: Using dialect: org.hibernate.dialect.MySQL5Dialect
2020-11-14 10:56:48,040 INFO org.springframework.orm.jpa.LocalContainerEntityManagerFactoryBean [restartedMain] Initialized JPA EntityManagerFactory for persistence unit 'default'
2020-11-14 10:56:48,376 INFO org.springframework.web.servlet.mvc.method.annotation.RequestMappingHandlerAdapter [restartedMain] Looking for @ControllerAdvice: org.springframework.boot.context.embedded.AnnotationConfigEmbeddedWebApplicationContext@44df9323: startup date [Sat Nov 14 10:56:38 PST 2020]; root of context hierarchy
2020-11-14 10:56:48,396 INFO org.springframework.web.servlet.mvc.method.annotation.RequestMappingHandlerMapping [restartedMain] Mapped "{[/rest/addKeyValue],methods=[GET]}" onto public java.lang.String com.common.RestCont.getKey(java.lang.String,java.lang.String,java.lang.String)
2020-11-14 10:56:48,398 INFO org.springframework.web.servlet.mvc.method.annotation.RequestMappingHandlerMapping [restartedMain] Mapped "{[/rest/getKey],methods=[GET]}" onto public java.lang.String com.common.RestCont.getKey(java.lang.String)
2020-11-14 10:56:48,399 INFO org.springframework.web.servlet.mvc.method.annotation.RequestMappingHandlerMapping [restartedMain] Mapped "{[/rest/test],methods=[GET]}" onto public java.util.List com.common.RestCont.test(java.lang.String) throws java.text.ParseException,javax.mail.internet.AddressException,javax.mail.MessagingException,java.net.URISyntaxException,java.io.IOException
2020-11-14 10:56:48,400 INFO org.springframework.web.servlet.mvc.method.annotation.RequestMappingHandlerMapping [restartedMain] Mapped "{[/rest/testPostRequest],methods=[POST]}" onto public java.util.List com.common.RestCont.testPostRequest(com.common.dto.RequestDO) throws java.text.ParseException,javax.mail.internet.AddressException,javax.mail.MessagingException,java.net.URISyntaxException,java.io.IOException
2020-11-14 10:56:48,406 INFO org.springframework.web.servlet.mvc.method.annotation.RequestMappingHandlerMapping [restartedMain] Mapped "{[/error]}" onto public org.springframework.http.ResponseEntity<java.util.Map<java.lang.String, java.lang.Object>> org.springframework.boot.autoconfigure.web.BasicErrorController.error(javax.servlet.http.HttpServletRequest)
2020-11-14 10:56:48,407 INFO org.springframework.web.servlet.mvc.method.annotation.RequestMappingHandlerMapping [restartedMain] Mapped "{[/error],produces=[text/html]}" onto public org.springframework.web.servlet.ModelAndView org.springframework.boot.autoconfigure.web.BasicErrorController.errorHtml(javax.servlet.http.HttpServletRequest,javax.servlet.http.HttpServletResponse)
2020-11-14 10:56:48,426 INFO org.springframework.web.servlet.handler.SimpleUrlHandlerMapping [restartedMain] Mapped URL path [/webjars/**] onto handler of type [class org.springframework.web.servlet.resource.ResourceHttpRequestHandler]
2020-11-14 10:56:48,427 INFO org.springframework.web.servlet.handler.SimpleUrlHandlerMapping [restartedMain] Mapped URL path [/**] onto handler of type [class org.springframework.web.servlet.resource.ResourceHttpRequestHandler]
2020-11-14 10:56:48,451 INFO org.springframework.web.servlet.handler.SimpleUrlHandlerMapping [restartedMain] Mapped URL path [/**/favicon.ico] onto handler of type [class org.springframework.web.servlet.resource.ResourceHttpRequestHandler]
2020-11-14 10:56:48,751 INFO org.springframework.boot.devtools.autoconfigure.OptionalLiveReloadServer [restartedMain] LiveReload server is running on port 35729
2020-11-14 10:56:48,871 INFO org.springframework.jmx.export.annotation.AnnotationMBeanExporter [restartedMain] Registering beans for JMX exposure on startup
2020-11-14 10:56:48,888 INFO org.apache.coyote.http11.Http11NioProtocol [restartedMain] Initializing ProtocolHandler ["http-nio-8080"]
2020-11-14 10:56:48,889 INFO org.apache.coyote.http11.Http11NioProtocol [restartedMain] Starting ProtocolHandler ["http-nio-8080"]
2020-11-14 10:56:48,893 INFO org.apache.tomcat.util.net.NioSelectorPool [restartedMain] Using a shared selector for servlet write/read
2020-11-14 10:56:48,941 INFO org.springframework.boot.context.embedded.tomcat.TomcatEmbeddedServletContainer [restartedMain] Tomcat started on port(s): 8080 (http)
2020-11-14 10:56:48,945 INFO org.apache.catalina.core.ContainerBase.[Tomcat].[localhost].[/] [http-nio-8080-exec-1] Initializing Spring FrameworkServlet 'dispatcherServlet'
2020-11-14 10:56:48,945 INFO org.springframework.web.servlet.DispatcherServlet [http-nio-8080-exec-1] FrameworkServlet 'dispatcherServlet': initialization started
2020-11-14 10:56:48,948 INFO com.common.CommonApplication [restartedMain] Started CommonApplication in 10.858 seconds (JVM running for 43030.547)
2020-11-14 10:56:48,962 INFO org.springframework.web.servlet.DispatcherServlet [http-nio-8080-exec-1] FrameworkServlet 'dispatcherServlet': initialization completed in 16 ms
